<?xml version="1.0" encoding="UTF-8" ?>
<testsuite errors="0" failures="0" hostname="DESKTOP-2FE2555" name="com.zyb.test.MyTest" skipped="0" tests="3" time="0.033" timestamp="2019-05-17T07:01:43">
  <properties>
[...]
</properties>
  <testcase classname="com.zyb.test.MyTest" name="test001" time="0.001" />
  <testcase classname="com.zyb.test.MyTest" name="test002" time="0.0" />
  <testcase classname="com.zyb.test.MyTest" name="test003" time="0.0" />
  <system-out><![CDATA[test001
test002
test003
]]></system-out>
  <system-err><![CDATA[]]></system-err>
</testsuite>
