<?xml version="1.0" encoding="UTF-8" ?>
<testsuites>
  <testsuite errors="0" failures="1" hostname="myLin-PC" id="0" name="MyTest" package="com.zyb.test" skipped="0" tests="4" time="0.047" timestamp="2019-05-21T07:35:41">
      <properties>
[...]
</properties>

      <testcase classname="com.zyb.test.MyTest" name="test001" time="0.001" />

      <testcase classname="com.zyb.test.MyTest" name="test002" time="0.0" />

      <testcase classname="com.zyb.test.MyTest" name="test003" time="0.004">
          <failure message="1 expected:&lt;[]2&gt; but was:&lt;[1 should equal ]2&gt;" type="junit.framework.AssertionFailedError">junit.framework.AssertionFailedError: 1 expected:&lt;[]2&gt; but was:&lt;[1 should equal ]2&gt;
	at com.zyb.test.MyTest.test003(MyTest.java:21)
</failure>

      </testcase>

      <testcase classname="com.zyb.test.MyTest" name="test004" time="0.0" />

      <system-out><![CDATA[test001
test002
test004
]]></system-out>

      <system-err><![CDATA[]]></system-err>

  </testsuite>
</testsuites>
